-------------------------------------------------------------------------------
Test set: nl.nusayba.oose.domain.services.TrackServiceTest
-------------------------------------------------------------------------------
Tests run: 2, Failures: 1, Errors: 0, Skipped: 0, Time elapsed: 0.002 s <<< FAILURE! - in nl.nusayba.oose.domain.services.TrackServiceTest
testGetTracksWithValidToken  Time elapsed: 0.001 s  <<< FAILURE!
org.opentest4j.AssertionFailedError: expected: <2> but was: <8>
	at nl.nusayba.oose.domain.services.TrackServiceTest.testGetTracksWithValidToken(TrackServiceTest.java:24)

